<?xml version="1.0" encoding="UTF-8"?>
<!-- Generated by org.testng.reporters.JUnitReportReporter -->
<testsuite skipped="0" hostname="PF0Q7VST-BLR" name="in.licious.test.RedMeatsCOD" tests="1" failures="0" timestamp="19 Mar 2018 23:35:24 GMT" time="76.568" errors="0">
  <testcase name="testmarinadescod" time="76.568" classname="in.licious.test.RedMeatsCOD"/>
</testsuite> <!-- in.licious.test.RedMeatsCOD -->
