<?xml version="1.0" encoding="UTF-8"?>
<!-- Generated by org.testng.reporters.JUnitReportReporter -->
<testsuite skipped="0" hostname="PF0Q7VST-BLR" name="in.licious.test.Chicken" tests="1" failures="0" timestamp="19 Mar 2018 23:23:21 GMT" time="128.830" errors="0">
  <testcase name="testChicken" time="128.830" classname="in.licious.test.Chicken"/>
</testsuite> <!-- in.licious.test.Chicken -->
