<?xml version="1.0" encoding="UTF-8"?>
<!-- Generated by org.testng.reporters.JUnitReportReporter -->
<testsuite skipped="0" hostname="PF0Q7VST-BLR" name="in.licious.test.EggsCOD" tests="1" failures="0" timestamp="19 Mar 2018 06:25:07 GMT" time="83.988" errors="0">
  <testcase name="testmarinadescod" time="83.988" classname="in.licious.test.EggsCOD"/>
</testsuite> <!-- in.licious.test.EggsCOD -->
